<?xml version="1.0" encoding="UTF-8"?>
<!-- Generated by org.testng.reporters.JUnitXMLReporter -->
<testsuite hostname="192-168-1-100.tpgi.com.au" ignored="2" name="Default test" tests="1" failures="0" timestamp="2022-07-13T13:06:09 AEST" time="7.24" errors="0">
  <testcase name="verifyDeleteCart" time="1.08" classname="Jupiter.E2EProject.validateShoppingPage"/>
  <testcase name="verifyAddCart" time="0.0" classname="Jupiter.E2EProject.validateShoppingPage">
    <ignored/>
  </testcase> <!-- verifyAddCart -->
  <testcase name="verifyShoppingItems" time="0.0" classname="Jupiter.E2EProject.validateShoppingPage">
    <ignored/>
  </testcase> <!-- verifyShoppingItems -->
</testsuite> <!-- Default test -->
