<?xml version="1.0" encoding="UTF-8"?>
<!-- Generated by org.testng.reporters.JUnitXMLReporter -->
<testsuite hostname="192-168-1-100.tpgi.com.au" ignored="0" name="Test" tests="10" failures="0" timestamp="2022-07-13T19:11:54 AEST" time="66.807" errors="0">
  <testcase name="verifyHomePage" time="0.155" classname="Jupiter.E2EProject.validateHomePage"/>
  <testcase name="verifyLoginPage" time="0.441" classname="Jupiter.E2EProject.validateLoginPage"/>
  <testcase name="fillContacts" time="5.897" classname="Jupiter.E2EProject.verifyContactPage"/>
  <testcase name="validateContact" time="0.562" classname="Jupiter.E2EProject.verifyContactPage"/>
  <testcase name="verifyAddCart" time="0.917" classname="Jupiter.E2EProject.validateShoppingPage"/>
  <testcase name="verifyDeleteCart" time="1.016" classname="Jupiter.E2EProject.validateShoppingPage"/>
  <testcase name="verifyShoppingItems" time="0.673" classname="Jupiter.E2EProject.validateShoppingPage"/>
  <testcase name="validateCheckOutForm" time="1.793" classname="Jupiter.E2EProject.VerifyCheckoutPage"/>
  <testcase name="validateCartAmount" time="0.83" classname="Jupiter.E2EProject.verifyCartAmount"/>
  <testcase name="E2Etesting" time="3.653" classname="Jupiter.E2EProject.verifyEndToEnd"/>
</testsuite> <!-- Test -->
