<?xml version="1.0" encoding="UTF-8"?>
<testng-results skipped="0" failed="0" ignored="0" total="10" passed="10">
  <reporter-output>
  </reporter-output>
  <suite name="Suite" duration-ms="66807" started-at="2022-07-13T19:10:47 AEST" finished-at="2022-07-13T19:11:54 AEST">
    <groups>
    </groups>
    <test name="Test" duration-ms="66807" started-at="2022-07-13T19:10:47 AEST" finished-at="2022-07-13T19:11:54 AEST">
      <class name="Jupiter.E2EProject.validateLoginPage">
        <test-method status="PASS" signature="initialiseDriver()[pri:0, instance:Jupiter.E2EProject.validateLoginPage@4e718207]" name="initialiseDriver" is-config="true" duration-ms="4902" started-at="2022-07-13T19:10:54 AEST" finished-at="2022-07-13T19:10:59 AEST">
          <reporter-output>
          </reporter-output>
        </test-method> <!-- initialiseDriver -->
        <test-method status="PASS" signature="verifyLoginPage()[pri:0, instance:Jupiter.E2EProject.validateLoginPage@4e718207]" name="verifyLoginPage" duration-ms="441" started-at="2022-07-13T19:10:59 AEST" finished-at="2022-07-13T19:11:00 AEST">
          <reporter-output>
          </reporter-output>
        </test-method> <!-- verifyLoginPage -->
        <test-method status="PASS" signature="closeDriver()[pri:0, instance:Jupiter.E2EProject.validateLoginPage@4e718207]" name="closeDriver" is-config="true" duration-ms="99" started-at="2022-07-13T19:11:00 AEST" finished-at="2022-07-13T19:11:00 AEST">
          <reporter-output>
          </reporter-output>
        </test-method> <!-- closeDriver -->
      </class> <!-- Jupiter.E2EProject.validateLoginPage -->
      <class name="Jupiter.E2EProject.verifyContactPage">
        <test-method status="PASS" signature="initialiseDriver()[pri:0, instance:Jupiter.E2EProject.verifyContactPage@1d371b2d]" name="initialiseDriver" is-config="true" duration-ms="4511" started-at="2022-07-13T19:11:00 AEST" finished-at="2022-07-13T19:11:04 AEST">
          <reporter-output>
          </reporter-output>
        </test-method> <!-- initialiseDriver -->
        <test-method status="PASS" signature="fillContacts()[pri:0, instance:Jupiter.E2EProject.verifyContactPage@1d371b2d]" name="fillContacts" duration-ms="5897" started-at="2022-07-13T19:11:04 AEST" finished-at="2022-07-13T19:11:10 AEST">
          <reporter-output>
          </reporter-output>
        </test-method> <!-- fillContacts -->
        <test-method status="PASS" signature="closeDriver()[pri:0, instance:Jupiter.E2EProject.verifyContactPage@1d371b2d]" name="closeDriver" is-config="true" duration-ms="101" started-at="2022-07-13T19:11:10 AEST" finished-at="2022-07-13T19:11:10 AEST">
          <reporter-output>
          </reporter-output>
        </test-method> <!-- closeDriver -->
        <test-method status="PASS" signature="initialiseDriver()[pri:0, instance:Jupiter.E2EProject.verifyContactPage@1d371b2d]" name="initialiseDriver" is-config="true" duration-ms="5027" started-at="2022-07-13T19:11:10 AEST" finished-at="2022-07-13T19:11:15 AEST">
          <reporter-output>
          </reporter-output>
        </test-method> <!-- initialiseDriver -->
        <test-method status="PASS" signature="validateContact()[pri:0, instance:Jupiter.E2EProject.verifyContactPage@1d371b2d]" name="validateContact" duration-ms="562" started-at="2022-07-13T19:11:15 AEST" finished-at="2022-07-13T19:11:16 AEST">
          <reporter-output>
          </reporter-output>
        </test-method> <!-- validateContact -->
        <test-method status="PASS" signature="closeDriver()[pri:0, instance:Jupiter.E2EProject.verifyContactPage@1d371b2d]" name="closeDriver" is-config="true" duration-ms="162" started-at="2022-07-13T19:11:16 AEST" finished-at="2022-07-13T19:11:16 AEST">
          <reporter-output>
          </reporter-output>
        </test-method> <!-- closeDriver -->
      </class> <!-- Jupiter.E2EProject.verifyContactPage -->
      <class name="Jupiter.E2EProject.validateHomePage">
        <test-method status="PASS" signature="initialiseDriver()[pri:0, instance:Jupiter.E2EProject.validateHomePage@7a3d45bd]" name="initialiseDriver" is-config="true" duration-ms="6898" started-at="2022-07-13T19:10:47 AEST" finished-at="2022-07-13T19:10:54 AEST">
          <reporter-output>
          </reporter-output>
        </test-method> <!-- initialiseDriver -->
        <test-method status="PASS" signature="verifyHomePage()[pri:0, instance:Jupiter.E2EProject.validateHomePage@7a3d45bd]" name="verifyHomePage" duration-ms="155" started-at="2022-07-13T19:10:54 AEST" finished-at="2022-07-13T19:10:54 AEST">
          <reporter-output>
          </reporter-output>
        </test-method> <!-- verifyHomePage -->
        <test-method status="PASS" signature="closeDriver()[pri:0, instance:Jupiter.E2EProject.validateHomePage@7a3d45bd]" name="closeDriver" is-config="true" duration-ms="181" started-at="2022-07-13T19:10:54 AEST" finished-at="2022-07-13T19:10:54 AEST">
          <reporter-output>
          </reporter-output>
        </test-method> <!-- closeDriver -->
      </class> <!-- Jupiter.E2EProject.validateHomePage -->
      <class name="Jupiter.E2EProject.verifyEndToEnd">
        <test-method status="PASS" signature="initialiseDriver()[pri:0, instance:Jupiter.E2EProject.verifyEndToEnd@43738a82]" name="initialiseDriver" is-config="true" duration-ms="4400" started-at="2022-07-13T19:11:46 AEST" finished-at="2022-07-13T19:11:50 AEST">
          <reporter-output>
          </reporter-output>
        </test-method> <!-- initialiseDriver -->
        <test-method status="PASS" signature="E2Etesting()[pri:0, instance:Jupiter.E2EProject.verifyEndToEnd@43738a82]" name="E2Etesting" duration-ms="3653" started-at="2022-07-13T19:11:50 AEST" finished-at="2022-07-13T19:11:54 AEST">
          <reporter-output>
          </reporter-output>
        </test-method> <!-- E2Etesting -->
        <test-method status="PASS" signature="closeDriver()[pri:0, instance:Jupiter.E2EProject.verifyEndToEnd@43738a82]" name="closeDriver" is-config="true" duration-ms="95" started-at="2022-07-13T19:11:54 AEST" finished-at="2022-07-13T19:11:54 AEST">
          <reporter-output>
          </reporter-output>
        </test-method> <!-- closeDriver -->
      </class> <!-- Jupiter.E2EProject.verifyEndToEnd -->
      <class name="Jupiter.E2EProject.VerifyCheckoutPage">
        <test-method status="PASS" signature="initialiseDriver()[pri:0, instance:Jupiter.E2EProject.VerifyCheckoutPage@51c8530f]" name="initialiseDriver" is-config="true" duration-ms="4891" started-at="2022-07-13T19:11:33 AEST" finished-at="2022-07-13T19:11:38 AEST">
          <reporter-output>
          </reporter-output>
        </test-method> <!-- initialiseDriver -->
        <test-method status="PASS" signature="validateCheckOutForm()[pri:0, instance:Jupiter.E2EProject.VerifyCheckoutPage@51c8530f]" name="validateCheckOutForm" duration-ms="1793" started-at="2022-07-13T19:11:38 AEST" finished-at="2022-07-13T19:11:40 AEST">
          <reporter-output>
          </reporter-output>
        </test-method> <!-- validateCheckOutForm -->
        <test-method status="PASS" signature="closeDriver()[pri:0, instance:Jupiter.E2EProject.VerifyCheckoutPage@51c8530f]" name="closeDriver" is-config="true" duration-ms="159" started-at="2022-07-13T19:11:40 AEST" finished-at="2022-07-13T19:11:40 AEST">
          <reporter-output>
          </reporter-output>
        </test-method> <!-- closeDriver -->
      </class> <!-- Jupiter.E2EProject.VerifyCheckoutPage -->
      <class name="Jupiter.E2EProject.verifyCartAmount">
        <test-method status="PASS" signature="initialiseDriver()[pri:0, instance:Jupiter.E2EProject.verifyCartAmount@7403c468]" name="initialiseDriver" is-config="true" duration-ms="4806" started-at="2022-07-13T19:11:40 AEST" finished-at="2022-07-13T19:11:45 AEST">
          <reporter-output>
          </reporter-output>
        </test-method> <!-- initialiseDriver -->
        <test-method status="PASS" signature="validateCartAmount()[pri:0, instance:Jupiter.E2EProject.verifyCartAmount@7403c468]" name="validateCartAmount" duration-ms="830" started-at="2022-07-13T19:11:45 AEST" finished-at="2022-07-13T19:11:46 AEST">
          <reporter-output>
          </reporter-output>
        </test-method> <!-- validateCartAmount -->
        <test-method status="PASS" signature="closeDriver()[pri:0, instance:Jupiter.E2EProject.verifyCartAmount@7403c468]" name="closeDriver" is-config="true" duration-ms="148" started-at="2022-07-13T19:11:46 AEST" finished-at="2022-07-13T19:11:46 AEST">
          <reporter-output>
          </reporter-output>
        </test-method> <!-- closeDriver -->
      </class> <!-- Jupiter.E2EProject.verifyCartAmount -->
      <class name="Jupiter.E2EProject.validateShoppingPage">
        <test-method status="PASS" signature="initialiseDriver()[pri:0, instance:Jupiter.E2EProject.validateShoppingPage@543c6f6d]" name="initialiseDriver" is-config="true" duration-ms="4354" started-at="2022-07-13T19:11:16 AEST" finished-at="2022-07-13T19:11:21 AEST">
          <reporter-output>
          </reporter-output>
        </test-method> <!-- initialiseDriver -->
        <test-method status="PASS" signature="verifyAddCart()[pri:0, instance:Jupiter.E2EProject.validateShoppingPage@543c6f6d]" name="verifyAddCart" duration-ms="917" started-at="2022-07-13T19:11:21 AEST" finished-at="2022-07-13T19:11:21 AEST">
          <reporter-output>
          </reporter-output>
        </test-method> <!-- verifyAddCart -->
        <test-method status="PASS" signature="closeDriver()[pri:0, instance:Jupiter.E2EProject.validateShoppingPage@543c6f6d]" name="closeDriver" is-config="true" duration-ms="166" started-at="2022-07-13T19:11:21 AEST" finished-at="2022-07-13T19:11:22 AEST">
          <reporter-output>
          </reporter-output>
        </test-method> <!-- closeDriver -->
        <test-method status="PASS" signature="initialiseDriver()[pri:0, instance:Jupiter.E2EProject.validateShoppingPage@543c6f6d]" name="initialiseDriver" is-config="true" duration-ms="4902" started-at="2022-07-13T19:11:22 AEST" finished-at="2022-07-13T19:11:26 AEST">
          <reporter-output>
          </reporter-output>
        </test-method> <!-- initialiseDriver -->
        <test-method status="PASS" signature="verifyDeleteCart()[pri:0, instance:Jupiter.E2EProject.validateShoppingPage@543c6f6d]" name="verifyDeleteCart" duration-ms="1016" started-at="2022-07-13T19:11:26 AEST" finished-at="2022-07-13T19:11:28 AEST">
          <reporter-output>
          </reporter-output>
        </test-method> <!-- verifyDeleteCart -->
        <test-method status="PASS" signature="closeDriver()[pri:0, instance:Jupiter.E2EProject.validateShoppingPage@543c6f6d]" name="closeDriver" is-config="true" duration-ms="193" started-at="2022-07-13T19:11:28 AEST" finished-at="2022-07-13T19:11:28 AEST">
          <reporter-output>
          </reporter-output>
        </test-method> <!-- closeDriver -->
        <test-method status="PASS" signature="initialiseDriver()[pri:0, instance:Jupiter.E2EProject.validateShoppingPage@543c6f6d]" name="initialiseDriver" is-config="true" duration-ms="4629" started-at="2022-07-13T19:11:28 AEST" finished-at="2022-07-13T19:11:32 AEST">
          <reporter-output>
          </reporter-output>
        </test-method> <!-- initialiseDriver -->
        <test-method status="PASS" signature="verifyShoppingItems()[pri:0, instance:Jupiter.E2EProject.validateShoppingPage@543c6f6d]" name="verifyShoppingItems" duration-ms="673" started-at="2022-07-13T19:11:32 AEST" finished-at="2022-07-13T19:11:33 AEST">
          <reporter-output>
          </reporter-output>
        </test-method> <!-- verifyShoppingItems -->
        <test-method status="PASS" signature="closeDriver()[pri:0, instance:Jupiter.E2EProject.validateShoppingPage@543c6f6d]" name="closeDriver" is-config="true" duration-ms="186" started-at="2022-07-13T19:11:33 AEST" finished-at="2022-07-13T19:11:33 AEST">
          <reporter-output>
          </reporter-output>
        </test-method> <!-- closeDriver -->
      </class> <!-- Jupiter.E2EProject.validateShoppingPage -->
    </test> <!-- Test -->
  </suite> <!-- Suite -->
</testng-results>
